d:\qt_project\serial_modbus\x64\debug\vc120.pdb
d:\qt_project\serial_modbus\x64\debug\spreadsheet.obj
d:\qt_project\serial_modbus\x64\debug\settingsdialog.obj
d:\qt_project\serial_modbus\x64\debug\mainwindow.obj
d:\qt_project\serial_modbus\x64\debug\main.obj
d:\qt_project\serial_modbus\x64\debug\moc_spreadsheet.obj
d:\qt_project\serial_modbus\x64\debug\moc_settingsdialog.obj
d:\qt_project\serial_modbus\x64\debug\moc_mainwindow.obj
d:\qt_project\serial_modbus\x64\debug\moc_cparamdlg.obj
d:\qt_project\serial_modbus\x64\debug\moc_ccheckboxheaderview.obj
d:\qt_project\serial_modbus\x64\debug\cparamdlg.obj
d:\qt_project\serial_modbus\x64\debug\cparamdata.obj
d:\qt_project\serial_modbus\x64\debug\cmodbus.obj
d:\qt_project\serial_modbus\x64\debug\cell.obj
d:\qt_project\serial_modbus\x64\debug\ccsvfile.obj
d:\qt_project\serial_modbus\x64\debug\ccheckboxheaderview.obj
d:\qt_project\serial_modbus\x64\debug\qrc_spreadsheet.obj
d:\qt_project\serial_modbus\debug\moc_ccheckboxheaderview.cpp
d:\qt_project\serial_modbus\debug\moc_cparamdlg.cpp
d:\qt_project\serial_modbus\debug\moc_mainwindow.cpp
d:\qt_project\serial_modbus\debug\moc_settingsdialog.cpp
d:\qt_project\serial_modbus\debug\moc_spreadsheet.cpp
d:\qt_project\serial_modbus\debug\moc_predefs.h
d:\qt_project\serial_modbus\generatedfiles\ui_mainwindow.h
d:\qt_project\serial_modbus\generatedfiles\ui_settingsdialog.h
d:\qt_project\serial_modbus\generatedfiles\qrc_spreadsheet.cpp
d:\qt_project\serial_modbus\debug\spreadsheet.exe
d:\qt_project\serial_modbus\x64\debug\serial_modbus.tlog\cl.command.1.tlog
d:\qt_project\serial_modbus\x64\debug\serial_modbus.tlog\cl.read.1.tlog
d:\qt_project\serial_modbus\x64\debug\serial_modbus.tlog\cl.write.1.tlog
d:\qt_project\serial_modbus\x64\debug\serial_modbus.tlog\custombuild.command.1.tlog
d:\qt_project\serial_modbus\x64\debug\serial_modbus.tlog\custombuild.read.1.tlog
d:\qt_project\serial_modbus\x64\debug\serial_modbus.tlog\custombuild.write.1.tlog
d:\qt_project\serial_modbus\x64\debug\serial_modbus.tlog\link.command.1.tlog
d:\qt_project\serial_modbus\x64\debug\serial_modbus.tlog\link.read.1.tlog
d:\qt_project\serial_modbus\x64\debug\serial_modbus.tlog\link.write.1.tlog
